     1                                          BOOT_LOAD       equ     0x7C00  ;ブートプログラムのロード位置
     2                                  
     3                                          ORG     BOOT_LOAD               ;アセンブラにロードアドレスを指示
     4                                  
     5                                  entry:
     6 00000000 EB58                            jmp     ipl     ;IPLへジャンプ
     7                                          ;BPB
     8 00000002 90<rept>                        times   90 - ($ - $$) db 0x90
     9                                          ;IPL
    10                                  ipl:
    11 0000005A FA                              cli                             ;// 割り込み禁止
    12                                  
    13 0000005B B80000                          mov     ax, 0x0000
    14 0000005E 8ED8                            mov     ds, ax
    15 00000060 8EC0                            mov     es, ax
    16 00000062 8ED0                            mov     ss, ax
    17 00000064 BC007C                          mov     sp, BOOT_LOAD
    18                                  
    19 00000067 FB                              sti                             ;// 割り込み許可
    20                                  
    21 00000068 8816[7800]                      mov     [BOOT.DRIVE], dl        ;ブートドライブの保存
    22                                  
    23 0000006C B041                            mov     al, 'A'                 ;AL = 出力文字
    24 0000006E B40E                            mov     ah, 0x0E                ;テレタイプ式1文字入力
    25 00000070 BB0000                          mov     bx, 0x0000              ;ページ番号と文字色を0に設定
    26 00000073 CD10                            int     0x10                    ;ビデオBIOSコール
    27                                  
    28                                          ;処理の終了
    29 00000075 EBFE                            jmp     $       ;無限ループ
    30                                  
    31 00000077 00                      ALIGN 2, db 0                           
    32                                  BOOT:                                   ;ブートドライブに関する情報
    33 00000078 0000                    .DRIVE:         dw 0                    ;ドライブ番号
    34                                  
    35                                          ;ブートフラグ
    36 0000007A 00<rept>                        times   510 - ($ - $$) db 0x00
    37 000001FE 55AA                            db 0x55, 0xAA
