     1                                          BOOT_LOAD       equ     0x7C00  ;ブートプログラムのロード位置
     2                                  
     3                                          ORG     BOOT_LOAD               ;アセンブラにロードアドレスを指示
     4                                  
     5                                  entry:
     6 00000000 EB58                            jmp     ipl     ;IPLへジャンプ
     7                                          ;BPB
     8 00000002 90<rept>                        times   90 - ($ - $$) db 0x90
     9                                          ;IPL
    10                                  ipl:
    11 0000005A FA                              cli                             ;// 割り込み禁止
    12                                  
    13 0000005B B80000                          mov     ax, 0x0000
    14 0000005E 8ED8                            mov     ds, ax
    15 00000060 8EC0                            mov     es, ax
    16 00000062 8ED0                            mov     ss, ax
    17 00000064 BC007C                          mov     sp, BOOT_LOAD
    18                                  
    19 00000067 FB                              sti                             ;// 割り込み許可
    20                                  
    21 00000068 8816[6E00]                      mov     [BOOT.DRIVE], dl        ;ブートドライブの保存
    22                                  
    23                                          ;処理の終了
    24 0000006C EBFE                            jmp     $       ;無限ループ
    25                                  
    26                                  ALIGN 2, db 0                           
    27                                  BOOT:                                   ;ブートドライブに関する情報
    28 0000006E 0000                    .DRIVE:         dw 0                    ;ドライブ番号
    29                                  
    30                                          ;ブートフラグ
    31 00000070 00<rept>                        times   510 - ($ - $$) db 0x00
    32 000001FE 55AA                            db 0x55, 0xAA
